On branch master
Your branch is up-to-date with 'origin/master'.
Changes not staged for commit:
  (use "git add <file>..." to update what will be committed)
  (use "git checkout -- <file>..." to discard changes in working directory)

	modified:   Assign1/README.txt
	modified:   ProjectAnalyze.sh

Untracked files:
  (use "git add <file>..." to include in what will be committed)

	CaseA/
	Labs/Bash02/Bash02.hs
	Labs/Bash02/Rdatasets/
	Labs/Bash02/public.pem
	Labs/Bash02/tempDirectory/
	README.txt
	changes.log
	error.log
	file.hs
	hserrors.txt
	results.log
	script.sh
	tempscript.sh
	todo.log

no changes added to commit (use "git add" and/or "git commit -a")
